#
# There is insufficient memory for the Java Runtime Environment to continue.
# Native memory allocation (malloc) failed to allocate 1159856 bytes for Chunk::new
# Possible reasons:
#   The system is out of physical RAM or swap space
#   The process is running with CompressedOops enabled, and the Java Heap may be blocking the growth of the native heap
# Possible solutions:
#   Reduce memory load on the system
#   Increase physical memory or swap space
#   Check if swap backing store is full
#   Decrease Java heap size (-Xmx/-Xms)
#   Decrease number of Java threads
#   Decrease Java thread stack sizes (-Xss)
#   Set larger code cache with -XX:ReservedCodeCacheSize=
#   JVM is running with Unscaled Compressed Oops mode in which the Java heap is
#     placed in the first 4GB address space. The Java Heap base address is the
#     maximum limit for the native heap growth. Please use -XX:HeapBaseMinAddress
#     to set the Java Heap base and to place the Java Heap above 4GB virtual address.
# This output file may be truncated or incomplete.
#
#  Out of Memory Error (allocation.cpp:389), pid=16556, tid=0x0000000000005c6c
#
# JRE version: OpenJDK Runtime Environment (8.0_212-b04) (build 1.8.0_212-release-1586-b04)
# Java VM: OpenJDK 64-Bit Server VM (25.212-b04 mixed mode windows-amd64 compressed oops)
# Failed to write core dump. Minidumps are not enabled by default on client versions of Windows
#

---------------  T H R E A D  ---------------

Current thread (0x0000000018a47000):  JavaThread "C2 CompilerThread1" daemon [_thread_in_native, id=23660, stack(0x000000001a090000,0x000000001a190000)]

Stack: [0x000000001a090000,0x000000001a190000]
[error occurred during error reporting (printing stack bounds), id 0xc0000005]

Native frames: (J=compiled Java code, j=interpreted, Vv=VM code, C=native code)


Current CompileTask:
C2:  20205 3880       4       org.objectweb.asm.SymbolTable::addConstantMemberReference (147 bytes)


---------------  P R O C E S S  ---------------

Java Threads: ( => current thread )
  0x000000001b4ac800 JavaThread "Cache worker for Build Output Cleanup Cache (C:\Users\Liu26\Desktop\Ryuou-master2\Ryuou-master\.gradle\buildOutputCleanup)" [_thread_blocked, id=7584, stack(0x0000000024920000,0x0000000024a20000)]
  0x000000001b4a8000 JavaThread "Build operations Thread 12" [_thread_blocked, id=32368, stack(0x0000000024220000,0x0000000024320000)]
  0x000000001b4ab800 JavaThread "Build operations Thread 11" [_thread_blocked, id=33376, stack(0x0000000024120000,0x0000000024220000)]
  0x000000001b49f800 JavaThread "Build operations Thread 10" [_thread_blocked, id=31024, stack(0x0000000024020000,0x0000000024120000)]
  0x000000001b4a6800 JavaThread "Build operations Thread 9" [_thread_blocked, id=8964, stack(0x0000000023f20000,0x0000000024020000)]
  0x000000001b4a5000 JavaThread "Build operations Thread 8" [_thread_blocked, id=33444, stack(0x0000000023e20000,0x0000000023f20000)]
  0x000000001b4a3800 JavaThread "Build operations Thread 7" [_thread_blocked, id=31448, stack(0x0000000023af0000,0x0000000023bf0000)]
  0x000000001b4a2000 JavaThread "Build operations Thread 6" [_thread_blocked, id=33640, stack(0x00000000239f0000,0x0000000023af0000)]
  0x000000001b4a1000 JavaThread "Build operations Thread 5" [_thread_blocked, id=17916, stack(0x00000000238f0000,0x00000000239f0000)]
  0x000000001b4a0800 JavaThread "Build operations Thread 4" [_thread_blocked, id=28124, stack(0x00000000237f0000,0x00000000238f0000)]
  0x000000001b49f000 JavaThread "Build operations Thread 3" [_thread_blocked, id=29224, stack(0x00000000236f0000,0x00000000237f0000)]
  0x000000001b4a5800 JavaThread "Build operations Thread 2" [_thread_blocked, id=13132, stack(0x00000000235f0000,0x00000000236f0000)]
  0x000000001b4a4000 JavaThread "Build operations" [_thread_blocked, id=33772, stack(0x00000000234f0000,0x00000000235f0000)]
  0x000000001b4a2800 JavaThread "Cache worker for execution history cache (C:\Users\Liu26\.gradle\caches\5.6.4\executionHistory)" [_thread_blocked, id=30580, stack(0x0000000022420000,0x0000000022520000)]
  0x000000001a8c2800 JavaThread "Cache worker for cache directory md-rule (C:\Users\Liu26\.gradle\caches\5.6.4\md-rule)" [_thread_blocked, id=27940, stack(0x0000000022320000,0x0000000022420000)]
  0x000000001a8c1800 JavaThread "Cache worker for cache directory md-supplier (C:\Users\Liu26\.gradle\caches\5.6.4\md-supplier)" [_thread_blocked, id=11984, stack(0x0000000020760000,0x0000000020860000)]
  0x000000001a8c4000 JavaThread "Cache worker for file hash cache (C:\Users\Liu26\Desktop\Ryuou-master2\Ryuou-master\.gradle\5.6.4\fileHashes)" [_thread_blocked, id=31868, stack(0x0000000020180000,0x0000000020280000)]
  0x000000001a8c3000 JavaThread "Cache worker for journal cache (C:\Users\Liu26\.gradle\caches\journal-1)" [_thread_blocked, id=23352, stack(0x000000001e0e0000,0x000000001e1e0000)]
  0x000000001a8be800 JavaThread "File lock request listener" [_thread_in_native, id=32272, stack(0x000000001dfe0000,0x000000001e0e0000)]
  0x000000001a8c4800 JavaThread "Cache worker for file hash cache (C:\Users\Liu26\.gradle\caches\5.6.4\fileHashes)" [_thread_blocked, id=28532, stack(0x000000001dee0000,0x000000001dfe0000)]
  0x000000001c136000 JavaThread "Thread-9" [_thread_blocked, id=32100, stack(0x000000001dbe0000,0x000000001dce0000)]
  0x000000001c135000 JavaThread "Stdin handler" [_thread_blocked, id=26764, stack(0x000000001dae0000,0x000000001dbe0000)]
  0x000000001c16c000 JavaThread "Asynchronous log dispatcher for DefaultDaemonConnection: socket connection from /127.0.0.1:58826 to /127.0.0.1:58827" [_thread_blocked, id=32484, stack(0x000000001d9e0000,0x000000001dae0000)]
  0x000000001c185800 JavaThread "Daemon worker" [_thread_in_Java, id=22500, stack(0x000000001d8e0000,0x000000001d9e0000)]
  0x000000001c12f800 JavaThread "Cancel handler" [_thread_blocked, id=30536, stack(0x000000001d6e0000,0x000000001d7e0000)]
  0x000000001b19f000 JavaThread "Handler for socket connection from /127.0.0.1:58826 to /127.0.0.1:58827" [_thread_in_native, id=32736, stack(0x000000001d3e0000,0x000000001d4e0000)]
  0x000000001b19e000 JavaThread "Daemon" [_thread_blocked, id=14508, stack(0x000000001d2e0000,0x000000001d3e0000)]
  0x000000001c0a6800 JavaThread "Daemon periodic checks" [_thread_blocked, id=16512, stack(0x000000001d1e0000,0x000000001d2e0000)]
  0x000000001c0a6000 JavaThread "Incoming local TCP Connector on port 58826" [_thread_in_native, id=30812, stack(0x000000001d030000,0x000000001d130000)]
  0x000000001a7ff800 JavaThread "Daemon health stats" [_thread_blocked, id=18788, stack(0x000000001cd30000,0x000000001ce30000)]
  0x0000000018ad4000 JavaThread "Service Thread" daemon [_thread_blocked, id=30628, stack(0x000000001a390000,0x000000001a490000)]
  0x0000000018a4c800 JavaThread "C1 CompilerThread3" daemon [_thread_blocked, id=8980, stack(0x000000001a290000,0x000000001a390000)]
  0x0000000018a4c000 JavaThread "C2 CompilerThread2" daemon [_thread_blocked, id=5048, stack(0x000000001a190000,0x000000001a290000)]
=>0x0000000018a47000 JavaThread "C2 CompilerThread1" daemon [_thread_in_native, id=23660, stack(0x000000001a090000,0x000000001a190000)]
  0x00000000189eb000 JavaThread "C2 CompilerThread0" daemon [_thread_blocked, id=32488, stack(0x0000000019f90000,0x000000001a090000)]
  0x0000000018a42000 JavaThread "Attach Listener" daemon [_thread_blocked, id=33492, stack(0x0000000019e90000,0x0000000019f90000)]
  0x0000000018a41000 JavaThread "Signal Dispatcher" daemon [_thread_blocked, id=30632, stack(0x0000000019d90000,0x0000000019e90000)]
  0x00000000189d3000 JavaThread "Finalizer" daemon [_thread_blocked, id=23648, stack(0x0000000019c30000,0x0000000019d30000)]
  0x000000001730c800 JavaThread "Reference Handler" daemon [_thread_blocked, id=25216, stack(0x0000000019b30000,0x0000000019c30000)]
  0x000000000152d800 JavaThread "main" [_thread_blocked, id=15884, stack(0x0000000003150000,0x0000000003250000)]

Other Threads:
  0x0000000017304800 VMThread [stack: 0x0000000019a30000,0x0000000019b30000] [id=30164]
  0x0000000018ad5800 WatcherThread [stack: 0x000000001a490000,0x000000001a590000] [id=30844]

VM state:not at safepoint (normal execution)

VM Mutex/Monitor currently owned by a thread: None

heap address: 0x00000000a0000000, size: 1536 MB, Compressed Oops mode: 32-bit
Narrow klass base: 0x0000000000000000, Narrow klass shift: 3
Compressed class space size: 1073741824 Address: 0x0000000100000000

Heap:
 PSYoungGen      total 69120K, used 16002K [0x00000000e0000000, 0x00000000e5000000, 0x0000000100000000)
  eden space 58368K, 9% used [0x00000000e0000000,0x00000000e0556a20,0x00000000e3900000)
  from space 10752K, 97% used [0x00000000e3900000,0x00000000e434a0a0,0x00000000e4380000)
  to   space 10752K, 0% used [0x00000000e4380000,0x00000000e4380000,0x00000000e4e00000)
 ParOldGen       total 107008K, used 16014K [0x00000000a0000000, 0x00000000a6880000, 0x00000000e0000000)
  object space 107008K, 14% used [0x00000000a0000000,0x00000000a0fa3918,0x00000000a6880000)
 Metaspace       used 44986K, capacity 46174K, committed 46336K, reserved 1089536K
  class space    used 6076K, capacity 6399K, committed 6400K, reserved 1048576K

Card table byte_map: [0x0000000012710000,0x0000000012a20000] byte_map_base: 0x0000000012210000

Marking Bits: (ParMarkBitMap*) 0x000000006eaa9f30
 Begin Bits: [0x0000000013620000, 0x0000000014e20000)
 End Bits:   [0x0000000014e20000, 0x0000000016620000)

Polling page: 0x0000000000fe0000

CodeCache: size=245760Kb used=12083Kb max_used=12123Kb free=233676Kb
 bounds [0x0000000003350000, 0x0000000003f40000, 0x0000000012350000]
 total_blobs=4321 nmethods=3563 adapters=670
 compilation: enabled

Compilation events (10 events):
Event: 20.066 Thread 0x0000000018a4c800 nmethod 3923 0x0000000003f20890 code [0x0000000003f20b60, 0x0000000003f21f78]
Event: 20.066 Thread 0x0000000018a4c800 3925       3       org.objectweb.asm.SymbolTable::addConstantIntegerOrFloat (100 bytes)
Event: 20.067 Thread 0x0000000018a4c800 nmethod 3925 0x0000000003f22990 code [0x0000000003f22b60, 0x0000000003f23158]
Event: 20.067 Thread 0x0000000018a4c800 3924       3       org.objectweb.asm.SymbolTable::addConstantInteger (7 bytes)
Event: 20.067 Thread 0x0000000018a4c800 nmethod 3924 0x0000000003f029d0 code [0x0000000003f02b40, 0x0000000003f02cc8]
Event: 20.113 Thread 0x00000000189eb000 3926       4       java.util.jar.JarFile::getManifestFromReference (117 bytes)
Event: 20.148 Thread 0x00000000189eb000 nmethod 3926 0x0000000003f25750 code [0x0000000003f25a60, 0x0000000003f270a0]
Event: 20.148 Thread 0x00000000189eb000 3927       4       java.util.jar.JarFile::getManifest (5 bytes)
Event: 20.148 Thread 0x00000000189eb000 nmethod 3927 0x0000000003efec10 code [0x0000000003efed60, 0x0000000003efede8]
Event: 20.154 Thread 0x0000000018a4c000 nmethod 3922 0x0000000003f2d890 code [0x0000000003f2db40, 0x0000000003f30460]

GC Heap History (10 events):
Event: 8.229 GC heap before
{Heap before GC invocations=11 (full 1):
 PSYoungGen      total 51200K, used 46944K [0x00000000e0000000, 0x00000000e4480000, 0x0000000100000000)
  eden space 40448K, 100% used [0x00000000e0000000,0x00000000e2780000,0x00000000e2780000)
  from space 10752K, 60% used [0x00000000e2780000,0x00000000e2dd8108,0x00000000e3200000)
  to   space 10240K, 0% used [0x00000000e3a80000,0x00000000e3a80000,0x00000000e4480000)
 ParOldGen       total 70144K, used 10136K [0x00000000a0000000, 0x00000000a4480000, 0x00000000e0000000)
  object space 70144K, 14% used [0x00000000a0000000,0x00000000a09e6050,0x00000000a4480000)
 Metaspace       used 32702K, capacity 33304K, committed 33664K, reserved 1079296K
  class space    used 4482K, capacity 4691K, committed 4736K, reserved 1048576K
Event: 8.241 GC heap after
Heap after GC invocations=11 (full 1):
 PSYoungGen      total 59392K, used 7792K [0x00000000e0000000, 0x00000000e4580000, 0x0000000100000000)
  eden space 49152K, 0% used [0x00000000e0000000,0x00000000e0000000,0x00000000e3000000)
  from space 10240K, 76% used [0x00000000e3a80000,0x00000000e421c380,0x00000000e4480000)
  to   space 10752K, 0% used [0x00000000e3000000,0x00000000e3000000,0x00000000e3a80000)
 ParOldGen       total 70144K, used 10144K [0x00000000a0000000, 0x00000000a4480000, 0x00000000e0000000)
  object space 70144K, 14% used [0x00000000a0000000,0x00000000a09e8050,0x00000000a4480000)
 Metaspace       used 32702K, capacity 33304K, committed 33664K, reserved 1079296K
  class space    used 4482K, capacity 4691K, committed 4736K, reserved 1048576K
}
Event: 12.139 GC heap before
{Heap before GC invocations=12 (full 1):
 PSYoungGen      total 59392K, used 47068K [0x00000000e0000000, 0x00000000e4580000, 0x0000000100000000)
  eden space 49152K, 79% used [0x00000000e0000000,0x00000000e265ad78,0x00000000e3000000)
  from space 10240K, 76% used [0x00000000e3a80000,0x00000000e421c380,0x00000000e4480000)
  to   space 10752K, 0% used [0x00000000e3000000,0x00000000e3000000,0x00000000e3a80000)
 ParOldGen       total 70144K, used 10144K [0x00000000a0000000, 0x00000000a4480000, 0x00000000e0000000)
  object space 70144K, 14% used [0x00000000a0000000,0x00000000a09e8050,0x00000000a4480000)
 Metaspace       used 34532K, capacity 35394K, committed 35456K, reserved 1079296K
  class space    used 4737K, capacity 4972K, committed 4992K, reserved 1048576K
Event: 12.145 GC heap after
Heap after GC invocations=12 (full 1):
 PSYoungGen      total 59904K, used 8694K [0x00000000e0000000, 0x00000000e4e00000, 0x0000000100000000)
  eden space 49152K, 0% used [0x00000000e0000000,0x00000000e0000000,0x00000000e3000000)
  from space 10752K, 80% used [0x00000000e3000000,0x00000000e387dae8,0x00000000e3a80000)
  to   space 10752K, 0% used [0x00000000e4380000,0x00000000e4380000,0x00000000e4e00000)
 ParOldGen       total 70144K, used 10152K [0x00000000a0000000, 0x00000000a4480000, 0x00000000e0000000)
  object space 70144K, 14% used [0x00000000a0000000,0x00000000a09ea050,0x00000000a4480000)
 Metaspace       used 34532K, capacity 35394K, committed 35456K, reserved 1079296K
  class space    used 4737K, capacity 4972K, committed 4992K, reserved 1048576K
}
Event: 12.145 GC heap before
{Heap before GC invocations=13 (full 2):
 PSYoungGen      total 59904K, used 8694K [0x00000000e0000000, 0x00000000e4e00000, 0x0000000100000000)
  eden space 49152K, 0% used [0x00000000e0000000,0x00000000e0000000,0x00000000e3000000)
  from space 10752K, 80% used [0x00000000e3000000,0x00000000e387dae8,0x00000000e3a80000)
  to   space 10752K, 0% used [0x00000000e4380000,0x00000000e4380000,0x00000000e4e00000)
 ParOldGen       total 70144K, used 10152K [0x00000000a0000000, 0x00000000a4480000, 0x00000000e0000000)
  object space 70144K, 14% used [0x00000000a0000000,0x00000000a09ea050,0x00000000a4480000)
 Metaspace       used 34532K, capacity 35394K, committed 35456K, reserved 1079296K
  class space    used 4737K, capacity 4972K, committed 4992K, reserved 1048576K
Event: 12.178 GC heap after
Heap after GC invocations=13 (full 2):
 PSYoungGen      total 59904K, used 0K [0x00000000e0000000, 0x00000000e4e00000, 0x0000000100000000)
  eden space 49152K, 0% used [0x00000000e0000000,0x00000000e0000000,0x00000000e3000000)
  from space 10752K, 0% used [0x00000000e3000000,0x00000000e3000000,0x00000000e3a80000)
  to   space 10752K, 0% used [0x00000000e4380000,0x00000000e4380000,0x00000000e4e00000)
 ParOldGen       total 107008K, used 15998K [0x00000000a0000000, 0x00000000a6880000, 0x00000000e0000000)
  object space 107008K, 14% used [0x00000000a0000000,0x00000000a0f9f918,0x00000000a6880000)
 Metaspace       used 34498K, capacity 35280K, committed 35456K, reserved 1079296K
  class space    used 4726K, capacity 4953K, committed 4992K, reserved 1048576K
}
Event: 16.829 GC heap before
{Heap before GC invocations=14 (full 2):
 PSYoungGen      total 59904K, used 49152K [0x00000000e0000000, 0x00000000e4e00000, 0x0000000100000000)
  eden space 49152K, 100% used [0x00000000e0000000,0x00000000e3000000,0x00000000e3000000)
  from space 10752K, 0% used [0x00000000e3000000,0x00000000e3000000,0x00000000e3a80000)
  to   space 10752K, 0% used [0x00000000e4380000,0x00000000e4380000,0x00000000e4e00000)
 ParOldGen       total 107008K, used 15998K [0x00000000a0000000, 0x00000000a6880000, 0x00000000e0000000)
  object space 107008K, 14% used [0x00000000a0000000,0x00000000a0f9f918,0x00000000a6880000)
 Metaspace       used 39860K, capacity 40904K, committed 41344K, reserved 1085440K
  class space    used 5400K, capacity 5668K, committed 5760K, reserved 1048576K
Event: 16.840 GC heap after
Heap after GC invocations=14 (full 2):
 PSYoungGen      total 69120K, used 6979K [0x00000000e0000000, 0x00000000e5000000, 0x0000000100000000)
  eden space 58368K, 0% used [0x00000000e0000000,0x00000000e0000000,0x00000000e3900000)
  from space 10752K, 64% used [0x00000000e4380000,0x00000000e4a50d70,0x00000000e4e00000)
  to   space 10752K, 0% used [0x00000000e3900000,0x00000000e3900000,0x00000000e4380000)
 ParOldGen       total 107008K, used 16006K [0x00000000a0000000, 0x00000000a6880000, 0x00000000e0000000)
  object space 107008K, 14% used [0x00000000a0000000,0x00000000a0fa1918,0x00000000a6880000)
 Metaspace       used 39860K, capacity 40904K, committed 41344K, reserved 1085440K
  class space    used 5400K, capacity 5668K, committed 5760K, reserved 1048576K
}
Event: 20.166 GC heap before
{Heap before GC invocations=15 (full 2):
 PSYoungGen      total 69120K, used 65347K [0x00000000e0000000, 0x00000000e5000000, 0x0000000100000000)
  eden space 58368K, 100% used [0x00000000e0000000,0x00000000e3900000,0x00000000e3900000)
  from space 10752K, 64% used [0x00000000e4380000,0x00000000e4a50d70,0x00000000e4e00000)
  to   space 10752K, 0% used [0x00000000e3900000,0x00000000e3900000,0x00000000e4380000)
 ParOldGen       total 107008K, used 16006K [0x00000000a0000000, 0x00000000a6880000, 0x00000000e0000000)
  object space 107008K, 14% used [0x00000000a0000000,0x00000000a0fa1918,0x00000000a6880000)
 Metaspace       used 44693K, capacity 45752K, committed 45824K, reserved 1089536K
  class space    used 6044K, capacity 6366K, committed 6400K, reserved 1048576K
Event: 20.172 GC heap after
Heap after GC invocations=15 (full 2):
 PSYoungGen      total 69120K, used 10536K [0x00000000e0000000, 0x00000000e5000000, 0x0000000100000000)
  eden space 58368K, 0% used [0x00000000e0000000,0x00000000e0000000,0x00000000e3900000)
  from space 10752K, 97% used [0x00000000e3900000,0x00000000e434a0a0,0x00000000e4380000)
  to   space 10752K, 0% used [0x00000000e4380000,0x00000000e4380000,0x00000000e4e00000)
 ParOldGen       total 107008K, used 16014K [0x00000000a0000000, 0x00000000a6880000, 0x00000000e0000000)
  object space 107008K, 14% used [0x00000000a0000000,0x00000000a0fa3918,0x00000000a6880000)
 Metaspace       used 44693K, capacity 45752K, committed 45824K, reserved 1089536K
  class space    used 6044K, capacity 6366K, committed 6400K, reserved 1048576K
}

Deoptimization events (10 events):
Event: 19.839 Thread 0x000000001c185800 Uncommon trap: reason=unstable_if action=reinterpret pc=0x0000000003d158f0 method=java.security.CodeSource.<init>(Ljava/net/URL;[Ljava/security/CodeSigner;)V @ 25
Event: 19.841 Thread 0x000000001c185800 Uncommon trap: reason=unstable_if action=reinterpret pc=0x000000000390c4ec method=java.security.CodeSource.getCertificates()[Ljava/security/cert/Certificate; @ 22
Event: 19.841 Thread 0x000000001c185800 Uncommon trap: reason=unstable_if action=reinterpret pc=0x0000000003cfa68c method=java.util.jar.JarFile.maybeInstantiateVerifier()V @ 4
Event: 19.842 Thread 0x000000001c185800 Uncommon trap: reason=unstable_if action=reinterpret pc=0x0000000003e6f334 method=java.security.CodeSource.matchCerts(Ljava/security/CodeSource;Z)Z @ 11
Event: 19.842 Thread 0x000000001c185800 Uncommon trap: reason=unstable_if action=reinterpret pc=0x00000000036a8a68 method=java.security.CodeSource.getCertificates()[Ljava/security/cert/Certificate; @ 4
Event: 19.842 Thread 0x000000001c185800 Uncommon trap: reason=unstable_if action=reinterpret pc=0x0000000003e6f1dc method=java.security.CodeSource.getCertificates()[Ljava/security/cert/Certificate; @ 4
Event: 19.859 Thread 0x000000001c185800 Uncommon trap: reason=unstable_if action=reinterpret pc=0x00000000034f6db8 method=java.util.LinkedHashMap.get(Ljava/lang/Object;)Ljava/lang/Object; @ 20
Event: 19.897 Thread 0x000000001c185800 Uncommon trap: reason=unstable_if action=reinterpret pc=0x0000000003e632fc method=java.security.CodeSource.matchCerts(Ljava/security/CodeSource;Z)Z @ 11
Event: 19.941 Thread 0x000000001c185800 Uncommon trap: reason=unstable_if action=reinterpret pc=0x0000000003bfebe8 method=org.objectweb.asm.ByteVector.putUTF8(Ljava/lang/String;)Lorg/objectweb/asm/ByteVector; @ 93
Event: 20.023 Thread 0x000000001c185800 Uncommon trap: reason=unstable_if action=reinterpret pc=0x0000000003a0f170 method=org.objectweb.asm.ByteVector.putUTF8(Ljava/lang/String;)Lorg/objectweb/asm/ByteVector; @ 93

Classes redefined (0 events):
No events

Internal exceptions (10 events):
Event: 15.448 Thread 0x000000001c185800 Exception <a 'java/lang/ClassNotFoundException': build_5lbmxvwm7lqcr5yul77f9mb2vCustomizer> (0x00000000e0f481e0) thrown at [D:\src\AOSP-openjdk-cygwin\jdk8u\hotspot\src\share\vm\classfile\systemDictionary.cpp, line 210]
Event: 15.458 Thread 0x000000001c185800 Exception <a 'java/lang/ClassNotFoundException': org/gradle/api/internal/plugins/DefaultObjectConfigurationActionBeanInfo> (0x00000000e0fbe728) thrown at [D:\src\AOSP-openjdk-cygwin\jdk8u\hotspot\src\share\vm\classfile\systemDictionary.cpp, line 210]
Event: 15.459 Thread 0x000000001c185800 Exception <a 'java/lang/ClassNotFoundException': org/gradle/api/internal/plugins/DefaultObjectConfigurationActionCustomizer> (0x00000000e1001588) thrown at [D:\src\AOSP-openjdk-cygwin\jdk8u\hotspot\src\share\vm\classfile\systemDictionary.cpp, line 210]
Event: 16.154 Thread 0x000000001c185800 Implicit null exception at 0x0000000003cedfba to 0x0000000003cefa3d
Event: 16.154 Thread 0x000000001c185800 Implicit null exception at 0x00000000034bd4d5 to 0x00000000034bd7bd
Event: 19.514 Thread 0x000000001c185800 Implicit null exception at 0x0000000003520aa8 to 0x0000000003520fc1
Event: 20.040 Thread 0x000000001c185800 Exception <a 'java/lang/ClassNotFoundException': com/android/build/gradle/internal/api/DefaultAndroidSourceSet_DecoratedBeanInfo> (0x00000000e31c5e80) thrown at [D:\src\AOSP-openjdk-cygwin\jdk8u\hotspot\src\share\vm\classfile\systemDictionary.cpp, line 21
Event: 20.040 Thread 0x000000001c185800 Exception <a 'java/lang/ClassNotFoundException': com/android/build/gradle/internal/api/DefaultAndroidSourceSetBeanInfo> (0x00000000e31e3338) thrown at [D:\src\AOSP-openjdk-cygwin\jdk8u\hotspot\src\share\vm\classfile\systemDictionary.cpp, line 210]
Event: 20.041 Thread 0x000000001c185800 Exception <a 'java/lang/ClassNotFoundException': com/android/build/gradle/internal/api/DefaultAndroidSourceSetCustomizer> (0x00000000e3200d90) thrown at [D:\src\AOSP-openjdk-cygwin\jdk8u\hotspot\src\share\vm\classfile\systemDictionary.cpp, line 210]
Event: 20.041 Thread 0x000000001c185800 Exception <a 'java/lang/ClassNotFoundException': com/android/build/gradle/internal/api/DefaultAndroidSourceSet_DecoratedCustomizer> (0x00000000e326b538) thrown at [D:\src\AOSP-openjdk-cygwin\jdk8u\hotspot\src\share\vm\classfile\systemDictionary.cpp, line 

Events (10 events):
Event: 20.177 loading class com/android/build/gradle/internal/tasks/AppClasspathCheckTask$CreationAction
Event: 20.177 loading class com/android/build/gradle/internal/tasks/AppClasspathCheckTask$CreationAction done
Event: 20.177 loading class com/android/build/gradle/internal/tasks/CheckMultiApkLibrariesTask$CreationAction
Event: 20.177 loading class com/android/build/gradle/internal/tasks/CheckMultiApkLibrariesTask$CreationAction done
Event: 20.178 loading class com/android/build/gradle/internal/tasks/InstallVariantViaBundleTask$CreationAction
Event: 20.178 loading class com/android/build/gradle/internal/tasks/InstallVariantViaBundleTask$CreationAction done
Event: 20.179 loading class com/android/build/gradle/internal/tasks/ModuleMetadataWriterTask$CreationAction
Event: 20.179 loading class com/android/build/gradle/internal/tasks/ModuleMetadataWriterTask$CreationAction done
Event: 20.179 loading class com/android/build/gradle/internal/tasks/ApplicationIdWriterTask$CreationAction
Event: 20.179 loading class com/android/build/gradle/internal/tasks/ApplicationIdWriterTask$CreationAction done


Dynamic libraries:
0x00007ff7677c0000 - 0x00007ff7677f1000 	E:\Android studio\jre\bin\java.exe
0x00007ffb09da0000 - 0x00007ffb09f90000 	C:\WINDOWS\SYSTEM32\ntdll.dll
0x00007ffb08340000 - 0x00007ffb083f2000 	C:\WINDOWS\System32\KERNEL32.DLL
0x00007ffb07aa0000 - 0x00007ffb07d43000 	C:\WINDOWS\System32\KERNELBASE.dll
0x00007ffb08d30000 - 0x00007ffb08dd3000 	C:\WINDOWS\System32\ADVAPI32.dll
0x00007ffb09c00000 - 0x00007ffb09c9e000 	C:\WINDOWS\System32\msvcrt.dll
0x00007ffb08c60000 - 0x00007ffb08cf7000 	C:\WINDOWS\System32\sechost.dll
0x00007ffb08b40000 - 0x00007ffb08c60000 	C:\WINDOWS\System32\RPCRT4.dll
0x00007ffb081a0000 - 0x00007ffb08334000 	C:\WINDOWS\System32\USER32.dll
0x00007ffb075a0000 - 0x00007ffb075c1000 	C:\WINDOWS\System32\win32u.dll
0x00007ffb08410000 - 0x00007ffb08436000 	C:\WINDOWS\System32\GDI32.dll
0x00007ffb07710000 - 0x00007ffb078a4000 	C:\WINDOWS\System32\gdi32full.dll
0x00007ffb07500000 - 0x00007ffb0759e000 	C:\WINDOWS\System32\msvcp_win.dll
0x00007ffb07d50000 - 0x00007ffb07e4a000 	C:\WINDOWS\System32\ucrtbase.dll
0x00007ffaf6700000 - 0x00007ffaf6985000 	C:\WINDOWS\WinSxS\amd64_microsoft.windows.common-controls_6595b64144ccf1df_6.0.18362.778_none_e6c6b761130d4fb8\COMCTL32.dll
0x00007ffb096f0000 - 0x00007ffb09a26000 	C:\WINDOWS\System32\combase.dll
0x00007ffb078b0000 - 0x00007ffb07930000 	C:\WINDOWS\System32\bcryptPrimitives.dll
0x00007ffb08d00000 - 0x00007ffb08d2e000 	C:\WINDOWS\System32\IMM32.DLL
0x000000006f260000 - 0x000000006f332000 	E:\Android studio\jre\jre\bin\msvcr100.dll
0x000000006e2e0000 - 0x000000006eb26000 	E:\Android studio\jre\jre\bin\server\jvm.dll
0x00007ffb08b30000 - 0x00007ffb08b38000 	C:\WINDOWS\System32\PSAPI.DLL
0x00007ffafffb0000 - 0x00007ffafffba000 	C:\WINDOWS\SYSTEM32\VERSION.dll
0x00007ffaec720000 - 0x00007ffaec729000 	C:\WINDOWS\SYSTEM32\WSOCK32.dll
0x00007ffb047c0000 - 0x00007ffb047e4000 	C:\WINDOWS\SYSTEM32\WINMM.dll
0x00007ffb08de0000 - 0x00007ffb08e4f000 	C:\WINDOWS\System32\WS2_32.dll
0x00007ffb045b0000 - 0x00007ffb045dd000 	C:\WINDOWS\SYSTEM32\WINMMBASE.dll
0x00007ffb06d30000 - 0x00007ffb06d7a000 	C:\WINDOWS\System32\cfgmgr32.dll
0x00007ffb029c0000 - 0x00007ffb029cf000 	E:\Android studio\jre\jre\bin\verify.dll
0x00007ffafbc20000 - 0x00007ffafbc49000 	E:\Android studio\jre\jre\bin\java.dll
0x00007ffb01a80000 - 0x00007ffb01a96000 	E:\Android studio\jre\jre\bin\zip.dll
0x00007ffb08440000 - 0x00007ffb08b25000 	C:\WINDOWS\System32\SHELL32.dll
0x00007ffb07e50000 - 0x00007ffb07ef9000 	C:\WINDOWS\System32\shcore.dll
0x00007ffb06d80000 - 0x00007ffb07500000 	C:\WINDOWS\System32\windows.storage.dll
0x00007ffb06cc0000 - 0x00007ffb06ce3000 	C:\WINDOWS\System32\profapi.dll
0x00007ffb06c70000 - 0x00007ffb06cba000 	C:\WINDOWS\System32\powrprof.dll
0x00007ffb06c60000 - 0x00007ffb06c70000 	C:\WINDOWS\System32\UMPDC.dll
0x00007ffb090f0000 - 0x00007ffb09142000 	C:\WINDOWS\System32\shlwapi.dll
0x00007ffb06cf0000 - 0x00007ffb06d01000 	C:\WINDOWS\System32\kernel.appcore.dll
0x00007ffb07930000 - 0x00007ffb07947000 	C:\WINDOWS\System32\cryptsp.dll
0x00007ffb00360000 - 0x00007ffb0037a000 	E:\Android studio\jre\jre\bin\net.dll
0x00007ffaf5520000 - 0x00007ffaf56f5000 	C:\WINDOWS\SYSTEM32\urlmon.dll
0x00007ffaf6b10000 - 0x00007ffaf6db6000 	C:\WINDOWS\SYSTEM32\iertutil.dll
0x00007ffb06640000 - 0x00007ffb0664c000 	C:\WINDOWS\SYSTEM32\CRYPTBASE.DLL
0x00007ffb06470000 - 0x00007ffb064d7000 	C:\WINDOWS\system32\mswsock.dll
0x00007ffb00230000 - 0x00007ffb00243000 	E:\Android studio\jre\jre\bin\nio.dll
0x00007ffafb670000 - 0x00007ffafb696000 	C:\Users\Liu26\.gradle\native\30\windows-amd64\native-platform.dll
0x00007ffb029b0000 - 0x00007ffb029bd000 	E:\Android studio\jre\jre\bin\management.dll
0x00007ffb05fe0000 - 0x00007ffb06013000 	C:\WINDOWS\system32\rsaenh.dll
0x00007ffb076e0000 - 0x00007ffb07706000 	C:\WINDOWS\System32\bcrypt.dll
0x00007ffb06b50000 - 0x00007ffb06b75000 	C:\WINDOWS\SYSTEM32\USERENV.dll
0x00007ffb06180000 - 0x00007ffb061ba000 	C:\WINDOWS\SYSTEM32\IPHLPAPI.DLL
0x00007ffb09b00000 - 0x00007ffb09b08000 	C:\WINDOWS\System32\NSI.dll
0x00007ffafe250000 - 0x00007ffafe266000 	C:\WINDOWS\SYSTEM32\dhcpcsvc6.DLL
0x00007ffafe230000 - 0x00007ffafe24c000 	C:\WINDOWS\SYSTEM32\dhcpcsvc.DLL
0x00007ffb061c0000 - 0x00007ffb0628a000 	C:\WINDOWS\SYSTEM32\DNSAPI.dll

VM Arguments:
jvm_args: -Xmx1536m -Dfile.encoding=GBK -Duser.country=CN -Duser.language=zh -Duser.variant 
java_command: org.gradle.launcher.daemon.bootstrap.GradleDaemon 5.6.4
java_class_path (initial): C:\Users\Liu26\.gradle\wrapper\dists\gradle-5.6.4-all\ankdp27end7byghfw1q2sw75f\gradle-5.6.4\lib\gradle-launcher-5.6.4.jar
Launcher Type: SUN_STANDARD

Environment Variables:
PATH=C:\Program Files (x86)\Intel\Intel(R) Management Engine Components\iCLS\;C:\Program Files\Intel\Intel(R) Management Engine Components\iCLS\;C:\Windows\system32;C:\Windows;C:\Windows\System32\Wbem;C:\Windows\System32\WindowsPowerShell\v1.0\;C:\Windows\System32\OpenSSH\;C:\Program Files (x86)\Intel\Intel(R) Management Engine Components\DAL;C:\Program Files\Intel\Intel(R) Management Engine Components\DAL;C:\Program Files (x86)\Intel\Intel(R) Management Engine Components\IPT;C:\Program Files\Intel\Intel(R) Management Engine Components\IPT;C:\Program Files\Intel\WiFi\bin\;C:\Program Files\Common Files\Intel\WirelessCommon\;C:\Program Files (x86)\NVIDIA Corporation\PhysX\Common;C:\WINDOWS\system32;C:\WINDOWS;C:\WINDOWS\System32\Wbem;C:\WINDOWS\System32\WindowsPowerShell\v1.0\;C:\WINDOWS\System32\OpenSSH\;F:\Git\cmd;C:\Users\Liu26\AppData\Local\Microsoft\WindowsApps;
USERNAME=Liu26
OS=Windows_NT
PROCESSOR_IDENTIFIER=Intel64 Family 6 Model 158 Stepping 10, GenuineIntel



---------------  S Y S T E M  ---------------

OS: Windows 10.0 , 64 bit Build 18362 (10.0.18362.778)

CPU:total 12 (initial active 12) (6 cores per cpu, 2 threads per core) family 6 model 158 stepping 10, cmov, cx8, fxsr, mmx, sse, sse2, sse3, ssse3, sse4.1, sse4.2, popcnt, avx, avx2, aes, clmul, erms, 3dnowpref, lzcnt, ht, tsc, tscinvbit, bmi1, bmi2, adx

Memory: 4k page, physical 8177948k(322072k free), swap 21819416k(11104k free)

vm_info: OpenJDK 64-Bit Server VM (25.212-b04) for windows-amd64 JRE (1.8.0_212-release-1586-b04), built by "builder" with MS VC++ 10.0 (VS2010)

time: Tue May 19 22:20:22 2020
timezone: 中国标准时间
elapsed time: 20 seconds (0d 0h 0m 20s)

