#
# There is insufficient memory for the Java Runtime Environment to continue.
# Native memory allocation (malloc) failed to allocate 788176 bytes for Chunk::new
# Possible reasons:
#   The system is out of physical RAM or swap space
#   The process is running with CompressedOops enabled, and the Java Heap may be blocking the growth of the native heap
# Possible solutions:
#   Reduce memory load on the system
#   Increase physical memory or swap space
#   Check if swap backing store is full
#   Decrease Java heap size (-Xmx/-Xms)
#   Decrease number of Java threads
#   Decrease Java thread stack sizes (-Xss)
#   Set larger code cache with -XX:ReservedCodeCacheSize=
#   JVM is running with Unscaled Compressed Oops mode in which the Java heap is
#     placed in the first 4GB address space. The Java Heap base address is the
#     maximum limit for the native heap growth. Please use -XX:HeapBaseMinAddress
#     to set the Java Heap base and to place the Java Heap above 4GB virtual address.
# This output file may be truncated or incomplete.
#
#  Out of Memory Error (allocation.cpp:389), pid=9992, tid=0x000000000000746c
#
# JRE version: OpenJDK Runtime Environment (8.0_212-b04) (build 1.8.0_212-release-1586-b04)
# Java VM: OpenJDK 64-Bit Server VM (25.212-b04 mixed mode windows-amd64 compressed oops)
# Failed to write core dump. Minidumps are not enabled by default on client versions of Windows
#

---------------  T H R E A D  ---------------

Current thread (0x0000000018334800):  JavaThread "C2 CompilerThread0" daemon [_thread_in_native, id=29804, stack(0x0000000019840000,0x0000000019940000)]

Stack: [0x0000000019840000,0x0000000019940000]
[error occurred during error reporting (printing stack bounds), id 0xc0000005]

Native frames: (J=compiled Java code, j=interpreted, Vv=VM code, C=native code)


Current CompileTask:
C2:  31595 8217       4       org.gradle.internal.reflect.ClassInspector::inspectClass (144 bytes)


---------------  P R O C E S S  ---------------

Java Threads: ( => current thread )
  0x0000000020e43000 JavaThread "Exec process" [_thread_blocked, id=9544, stack(0x0000000028be0000,0x0000000028ce0000)]
  0x0000000020e3b800 JavaThread "pool-2-thread-1" [_thread_blocked, id=27860, stack(0x0000000028810000,0x0000000028910000)]
  0x0000000020e3f800 JavaThread "WorkerExecutor Queue" [_thread_in_native, id=25216, stack(0x0000000028710000,0x0000000028810000)]
  0x0000000020e41800 JavaThread "Cache worker for execution history cache (C:\Users\Liu26\Desktop\Ryuou-master2\Ryuou-master\.gradle\5.6.4\executionHistory)" [_thread_blocked, id=29356, stack(0x0000000028410000,0x0000000028510000)]
  0x0000000020e3e800 JavaThread "Execution worker for ':' Thread 11" [_thread_blocked, id=13328, stack(0x0000000028110000,0x0000000028210000)]
  0x0000000020e3b000 JavaThread "Execution worker for ':' Thread 10" [_thread_blocked, id=33312, stack(0x0000000028010000,0x0000000028110000)]
  0x000000001ac80000 JavaThread "Execution worker for ':' Thread 9" [_thread_blocked, id=28832, stack(0x0000000027f10000,0x0000000028010000)]
  0x000000001ac83000 JavaThread "Execution worker for ':' Thread 8" [_thread_blocked, id=18092, stack(0x0000000027e10000,0x0000000027f10000)]
  0x000000001ac81800 JavaThread "Execution worker for ':' Thread 7" [_thread_blocked, id=12244, stack(0x0000000027d10000,0x0000000027e10000)]
  0x000000001ac7f800 JavaThread "Execution worker for ':' Thread 6" [_thread_blocked, id=23572, stack(0x0000000027c10000,0x0000000027d10000)]
  0x000000001ac81000 JavaThread "Execution worker for ':' Thread 5" [_thread_blocked, id=30700, stack(0x0000000026ac0000,0x0000000026bc0000)]
  0x000000001ac85800 JavaThread "Execution worker for ':' Thread 4" [_thread_blocked, id=24224, stack(0x00000000269c0000,0x0000000026ac0000)]
  0x000000001ac84800 JavaThread "Execution worker for ':' Thread 3" [_thread_blocked, id=31768, stack(0x00000000258c0000,0x00000000259c0000)]
  0x000000001ac86000 JavaThread "Execution worker for ':' Thread 2" [_thread_blocked, id=1440, stack(0x0000000025660000,0x0000000025760000)]
  0x000000001ac84000 JavaThread "Execution worker for ':'" [_thread_blocked, id=28216, stack(0x0000000025560000,0x0000000025660000)]
  0x000000001ac82800 JavaThread "Cache worker for file content cache (C:\Users\Liu26\Desktop\Ryuou-master2\Ryuou-master\.gradle\5.6.4\fileContent)" [_thread_blocked, id=33300, stack(0x0000000025260000,0x0000000025360000)]
  0x000000001de2d800 JavaThread "Cache worker for file content cache (C:\Users\Liu26\.gradle\caches\5.6.4\fileContent)" [_thread_blocked, id=30748, stack(0x0000000025160000,0x0000000025260000)]
  0x000000001de2c800 JavaThread "Memory manager" [_thread_blocked, id=30552, stack(0x00000000257c0000,0x00000000258c0000)]
  0x000000001de2a800 JavaThread "Cache worker for Build Output Cleanup Cache (C:\Users\Liu26\Desktop\Ryuou-master2\Ryuou-master\.gradle\buildOutputCleanup)" [_thread_blocked, id=33368, stack(0x00000000222d0000,0x00000000223d0000)]
  0x000000001de1f800 JavaThread "Build operations Thread 12" [_thread_blocked, id=31444, stack(0x0000000022e90000,0x0000000022f90000)]
  0x000000001de26800 JavaThread "Build operations Thread 11" [_thread_blocked, id=33320, stack(0x0000000022d90000,0x0000000022e90000)]
  0x000000001de1f000 JavaThread "Build operations Thread 10" [_thread_blocked, id=33100, stack(0x0000000022c90000,0x0000000022d90000)]
  0x000000001de25800 JavaThread "Build operations Thread 9" [_thread_blocked, id=18832, stack(0x0000000022b90000,0x0000000022c90000)]
  0x000000001de25000 JavaThread "Build operations Thread 8" [_thread_blocked, id=33504, stack(0x0000000022a90000,0x0000000022b90000)]
  0x000000001de22000 JavaThread "Build operations Thread 7" [_thread_blocked, id=28116, stack(0x0000000022990000,0x0000000022a90000)]
  0x000000001de21000 JavaThread "Build operations Thread 6" [_thread_blocked, id=19340, stack(0x0000000022890000,0x0000000022990000)]
  0x000000001de24000 JavaThread "Build operations Thread 5" [_thread_blocked, id=7588, stack(0x0000000022790000,0x0000000022890000)]
  0x000000001de20800 JavaThread "Build operations Thread 4" [_thread_blocked, id=27712, stack(0x0000000022690000,0x0000000022790000)]
  0x000000001de23800 JavaThread "Build operations Thread 3" [_thread_blocked, id=11824, stack(0x0000000022590000,0x0000000022690000)]
  0x000000001de22800 JavaThread "Build operations Thread 2" [_thread_blocked, id=12952, stack(0x0000000022490000,0x0000000022590000)]
  0x000000001de1e000 JavaThread "Build operations" [_thread_blocked, id=28756, stack(0x0000000021f90000,0x0000000022090000)]
  0x000000001a681000 JavaThread "Cache worker for execution history cache (C:\Users\Liu26\.gradle\caches\5.6.4\executionHistory)" [_thread_blocked, id=10036, stack(0x0000000021ad0000,0x0000000021bd0000)]
  0x000000001a680000 JavaThread "Cache worker for cache directory md-rule (C:\Users\Liu26\.gradle\caches\5.6.4\md-rule)" [_thread_blocked, id=29396, stack(0x0000000021c10000,0x0000000021d10000)]
  0x000000001a685800 JavaThread "Cache worker for cache directory md-supplier (C:\Users\Liu26\.gradle\caches\5.6.4\md-supplier)" [_thread_blocked, id=24716, stack(0x00000000213b0000,0x00000000214b0000)]
  0x000000001a687000 JavaThread "Cache worker for file hash cache (C:\Users\Liu26\Desktop\Ryuou-master2\Ryuou-master\.gradle\5.6.4\fileHashes)" [_thread_blocked, id=22288, stack(0x000000001ea60000,0x000000001eb60000)]
  0x000000001a684800 JavaThread "Cache worker for journal cache (C:\Users\Liu26\.gradle\caches\journal-1)" [_thread_blocked, id=28788, stack(0x000000001d990000,0x000000001da90000)]
  0x000000001a684000 JavaThread "File lock request listener" [_thread_in_native, id=15528, stack(0x000000001d890000,0x000000001d990000)]
  0x000000001b13a000 JavaThread "Cache worker for file hash cache (C:\Users\Liu26\.gradle\caches\5.6.4\fileHashes)" [_thread_blocked, id=24792, stack(0x000000001d790000,0x000000001d890000)]
  0x000000001b15f000 JavaThread "Thread-9" [_thread_blocked, id=33420, stack(0x000000001d490000,0x000000001d590000)]
  0x000000001ae64800 JavaThread "Stdin handler" [_thread_blocked, id=26428, stack(0x000000001d390000,0x000000001d490000)]
  0x000000001b13b800 JavaThread "Asynchronous log dispatcher for DefaultDaemonConnection: socket connection from /127.0.0.1:57575 to /127.0.0.1:57576" [_thread_blocked, id=33492, stack(0x000000001d290000,0x000000001d390000)]
  0x0000000018643800 JavaThread "Daemon worker" [_thread_blocked, id=32976, stack(0x000000001d190000,0x000000001d290000)]
  0x000000001ab68000 JavaThread "Cancel handler" [_thread_blocked, id=29732, stack(0x000000001cf90000,0x000000001d090000)]
  0x0000000019e4c000 JavaThread "Handler for socket connection from /127.0.0.1:57575 to /127.0.0.1:57576" [_thread_in_native, id=25556, stack(0x000000001cc90000,0x000000001cd90000)]
  0x000000001ba08800 JavaThread "Daemon" [_thread_blocked, id=16556, stack(0x000000001cb90000,0x000000001cc90000)]
  0x000000001af13000 JavaThread "Daemon periodic checks" [_thread_blocked, id=33524, stack(0x000000001ca90000,0x000000001cb90000)]
  0x000000001b9b2000 JavaThread "Incoming local TCP Connector on port 57575" [_thread_in_native, id=23580, stack(0x000000001c8e0000,0x000000001c9e0000)]
  0x000000001a226000 JavaThread "Daemon health stats" [_thread_blocked, id=25524, stack(0x000000001c5e0000,0x000000001c6e0000)]
  0x00000000183c2000 JavaThread "Service Thread" daemon [_thread_blocked, id=648, stack(0x0000000019c40000,0x0000000019d40000)]
  0x0000000018343000 JavaThread "C1 CompilerThread3" daemon [_thread_blocked, id=6804, stack(0x0000000019b40000,0x0000000019c40000)]
  0x0000000018341000 JavaThread "C2 CompilerThread2" daemon [_thread_in_native, id=25496, stack(0x0000000019a40000,0x0000000019b40000)]
  0x000000001833b000 JavaThread "C2 CompilerThread1" daemon [_thread_in_native, id=32292, stack(0x0000000019940000,0x0000000019a40000)]
=>0x0000000018334800 JavaThread "C2 CompilerThread0" daemon [_thread_in_native, id=29804, stack(0x0000000019840000,0x0000000019940000)]
  0x0000000018333800 JavaThread "Attach Listener" daemon [_thread_blocked, id=32492, stack(0x0000000019740000,0x0000000019840000)]
  0x00000000182da800 JavaThread "Signal Dispatcher" daemon [_thread_blocked, id=33640, stack(0x0000000019640000,0x0000000019740000)]
  0x0000000016bed800 JavaThread "Finalizer" daemon [_thread_blocked, id=23184, stack(0x0000000019540000,0x0000000019640000)]
  0x00000000182c3000 JavaThread "Reference Handler" daemon [_thread_blocked, id=23104, stack(0x0000000019440000,0x0000000019540000)]
  0x0000000000ead800 JavaThread "main" [_thread_blocked, id=32888, stack(0x0000000002a30000,0x0000000002b30000)]

Other Threads:
  0x00000000182a2800 VMThread [stack: 0x0000000019340000,0x0000000019440000] [id=30964]
  0x00000000183c3000 WatcherThread [stack: 0x0000000019d40000,0x0000000019e40000] [id=31192]

VM state:not at safepoint (normal execution)

VM Mutex/Monitor currently owned by a thread: None

heap address: 0x00000000a0000000, size: 1536 MB, Compressed Oops mode: 32-bit
Narrow klass base: 0x0000000000000000, Narrow klass shift: 3
Compressed class space size: 1073741824 Address: 0x0000000100000000

Heap:
 PSYoungGen      total 132608K, used 20610K [0x00000000e0000000, 0x00000000ea100000, 0x0000000100000000)
  eden space 118272K, 5% used [0x00000000e0000000,0x00000000e0623558,0x00000000e7380000)
  from space 14336K, 99% used [0x00000000e7380000,0x00000000e817d390,0x00000000e8180000)
  to   space 16384K, 0% used [0x00000000e9100000,0x00000000e9100000,0x00000000ea100000)
 ParOldGen       total 145408K, used 30325K [0x00000000a0000000, 0x00000000a8e00000, 0x00000000e0000000)
  object space 145408K, 20% used [0x00000000a0000000,0x00000000a1d9d468,0x00000000a8e00000)
 Metaspace       used 63358K, capacity 66354K, committed 66560K, reserved 1105920K
  class space    used 8781K, capacity 9390K, committed 9472K, reserved 1048576K

Card table byte_map: [0x0000000011ff0000,0x0000000012300000] byte_map_base: 0x0000000011af0000

Marking Bits: (ParMarkBitMap*) 0x000000006eaa9f30
 Begin Bits: [0x0000000012f00000, 0x0000000014700000)
 End Bits:   [0x0000000014700000, 0x0000000015f00000)

Polling page: 0x0000000000950000

CodeCache: size=245760Kb used=22695Kb max_used=22837Kb free=223064Kb
 bounds [0x0000000002c30000, 0x00000000042c0000, 0x0000000011c30000]
 total_blobs=7900 nmethods=7099 adapters=713
 compilation: enabled

Compilation events (10 events):
Event: 31.059 Thread 0x0000000018343000 8225       3       java.lang.ProcessEnvironment$CheckedEntry::getKey (5 bytes)
Event: 31.060 Thread 0x0000000018343000 nmethod 8225 0x0000000002dd5250 code [0x0000000002dd53c0, 0x0000000002dd5728]
Event: 31.062 Thread 0x0000000018343000 8226       3       java.lang.ProcessEnvironment$CheckedEntry::getKey (13 bytes)
Event: 31.062 Thread 0x0000000018343000 nmethod 8226 0x0000000002eb27d0 code [0x0000000002eb2940, 0x0000000002eb2c48]
Event: 31.063 Thread 0x0000000018343000 8223       3       java.lang.ProcessEnvironment$CheckedEntrySet$1::hasNext (10 bytes)
Event: 31.063 Thread 0x0000000018343000 nmethod 8223 0x00000000031df650 code [0x00000000031df7c0, 0x00000000031df9e8]
Event: 31.064 Thread 0x0000000018343000 8224       3       java.lang.ProcessEnvironment$CheckedEntrySet$1::next (5 bytes)
Event: 31.065 Thread 0x0000000018343000 nmethod 8224 0x0000000003560cd0 code [0x0000000003560e60, 0x0000000003561328]
Event: 31.184 Thread 0x0000000018334800 nmethod 8127 0x000000000429dc50 code [0x000000000429e440, 0x00000000042a5838]
Event: 31.186 Thread 0x0000000018334800 8217       4       org.gradle.internal.reflect.ClassInspector::inspectClass (144 bytes)

GC Heap History (10 events):
Event: 25.014 GC heap before
{Heap before GC invocations=16 (full 2):
 PSYoungGen      total 105472K, used 105449K [0x00000000e0000000, 0x00000000e7e80000, 0x0000000100000000)
  eden space 94208K, 100% used [0x00000000e0000000,0x00000000e5c00000,0x00000000e5c00000)
  from space 11264K, 99% used [0x00000000e5c00000,0x00000000e66fa7c0,0x00000000e6700000)
  to   space 13824K, 0% used [0x00000000e7100000,0x00000000e7100000,0x00000000e7e80000)
 ParOldGen       total 95232K, used 17725K [0x00000000a0000000, 0x00000000a5d00000, 0x00000000e0000000)
  object space 95232K, 18% used [0x00000000a0000000,0x00000000a114f4b8,0x00000000a5d00000)
 Metaspace       used 56274K, capacity 58100K, committed 58496K, reserved 1099776K
  class space    used 7762K, capacity 8195K, committed 8320K, reserved 1048576K
Event: 25.061 GC heap after
Heap after GC invocations=16 (full 2):
 PSYoungGen      total 114688K, used 11385K [0x00000000e0000000, 0x00000000e8c80000, 0x0000000100000000)
  eden space 100864K, 0% used [0x00000000e0000000,0x00000000e0000000,0x00000000e6280000)
  from space 13824K, 82% used [0x00000000e7100000,0x00000000e7c1e760,0x00000000e7e80000)
  to   space 14848K, 0% used [0x00000000e6280000,0x00000000e6280000,0x00000000e7100000)
 ParOldGen       total 95232K, used 27884K [0x00000000a0000000, 0x00000000a5d00000, 0x00000000e0000000)
  object space 95232K, 29% used [0x00000000a0000000,0x00000000a1b3b050,0x00000000a5d00000)
 Metaspace       used 56274K, capacity 58100K, committed 58496K, reserved 1099776K
  class space    used 7762K, capacity 8195K, committed 8320K, reserved 1048576K
}
Event: 25.735 GC heap before
{Heap before GC invocations=17 (full 2):
 PSYoungGen      total 114688K, used 38298K [0x00000000e0000000, 0x00000000e8c80000, 0x0000000100000000)
  eden space 100864K, 26% used [0x00000000e0000000,0x00000000e1a48158,0x00000000e6280000)
  from space 13824K, 82% used [0x00000000e7100000,0x00000000e7c1e760,0x00000000e7e80000)
  to   space 14848K, 0% used [0x00000000e6280000,0x00000000e6280000,0x00000000e7100000)
 ParOldGen       total 95232K, used 27884K [0x00000000a0000000, 0x00000000a5d00000, 0x00000000e0000000)
  object space 95232K, 29% used [0x00000000a0000000,0x00000000a1b3b050,0x00000000a5d00000)
 Metaspace       used 57248K, capacity 59048K, committed 59096K, reserved 1099776K
  class space    used 7884K, capacity 8307K, committed 8320K, reserved 1048576K
Event: 25.744 GC heap after
Heap after GC invocations=17 (full 2):
 PSYoungGen      total 115712K, used 5845K [0x00000000e0000000, 0x00000000e9380000, 0x0000000100000000)
  eden space 100864K, 0% used [0x00000000e0000000,0x00000000e0000000,0x00000000e6280000)
  from space 14848K, 39% used [0x00000000e6280000,0x00000000e68356e8,0x00000000e7100000)
  to   space 14336K, 0% used [0x00000000e8580000,0x00000000e8580000,0x00000000e9380000)
 ParOldGen       total 95232K, used 27892K [0x00000000a0000000, 0x00000000a5d00000, 0x00000000e0000000)
  object space 95232K, 29% used [0x00000000a0000000,0x00000000a1b3d050,0x00000000a5d00000)
 Metaspace       used 57248K, capacity 59048K, committed 59096K, reserved 1099776K
  class space    used 7884K, capacity 8307K, committed 8320K, reserved 1048576K
}
Event: 25.744 GC heap before
{Heap before GC invocations=18 (full 3):
 PSYoungGen      total 115712K, used 5845K [0x00000000e0000000, 0x00000000e9380000, 0x0000000100000000)
  eden space 100864K, 0% used [0x00000000e0000000,0x00000000e0000000,0x00000000e6280000)
  from space 14848K, 39% used [0x00000000e6280000,0x00000000e68356e8,0x00000000e7100000)
  to   space 14336K, 0% used [0x00000000e8580000,0x00000000e8580000,0x00000000e9380000)
 ParOldGen       total 95232K, used 27892K [0x00000000a0000000, 0x00000000a5d00000, 0x00000000e0000000)
  object space 95232K, 29% used [0x00000000a0000000,0x00000000a1b3d050,0x00000000a5d00000)
 Metaspace       used 57248K, capacity 59048K, committed 59096K, reserved 1099776K
  class space    used 7884K, capacity 8307K, committed 8320K, reserved 1048576K
Event: 26.210 GC heap after
Heap after GC invocations=18 (full 3):
 PSYoungGen      total 115712K, used 0K [0x00000000e0000000, 0x00000000e9380000, 0x0000000100000000)
  eden space 100864K, 0% used [0x00000000e0000000,0x00000000e0000000,0x00000000e6280000)
  from space 14848K, 0% used [0x00000000e6280000,0x00000000e6280000,0x00000000e7100000)
  to   space 14336K, 0% used [0x00000000e8580000,0x00000000e8580000,0x00000000e9380000)
 ParOldGen       total 145408K, used 29844K [0x00000000a0000000, 0x00000000a8e00000, 0x00000000e0000000)
  object space 145408K, 20% used [0x00000000a0000000,0x00000000a1d250c8,0x00000000a8e00000)
 Metaspace       used 57248K, capacity 59048K, committed 59096K, reserved 1099776K
  class space    used 7884K, capacity 8307K, committed 8320K, reserved 1048576K
}
Event: 27.962 GC heap before
{Heap before GC invocations=19 (full 3):
 PSYoungGen      total 115712K, used 100864K [0x00000000e0000000, 0x00000000e9380000, 0x0000000100000000)
  eden space 100864K, 100% used [0x00000000e0000000,0x00000000e6280000,0x00000000e6280000)
  from space 14848K, 0% used [0x00000000e6280000,0x00000000e6280000,0x00000000e7100000)
  to   space 14336K, 0% used [0x00000000e8580000,0x00000000e8580000,0x00000000e9380000)
 ParOldGen       total 145408K, used 29844K [0x00000000a0000000, 0x00000000a8e00000, 0x00000000e0000000)
  object space 145408K, 20% used [0x00000000a0000000,0x00000000a1d250c8,0x00000000a8e00000)
 Metaspace       used 60688K, capacity 63594K, committed 63872K, reserved 1103872K
  class space    used 8429K, capacity 9018K, committed 9088K, reserved 1048576K
Event: 27.980 GC heap after
Heap after GC invocations=19 (full 3):
 PSYoungGen      total 128512K, used 9609K [0x00000000e0000000, 0x00000000e8f80000, 0x0000000100000000)
  eden space 118272K, 0% used [0x00000000e0000000,0x00000000e0000000,0x00000000e7380000)
  from space 10240K, 93% used [0x00000000e8580000,0x00000000e8ee2608,0x00000000e8f80000)
  to   space 14336K, 0% used [0x00000000e7380000,0x00000000e7380000,0x00000000e8180000)
 ParOldGen       total 145408K, used 29852K [0x00000000a0000000, 0x00000000a8e00000, 0x00000000e0000000)
  object space 145408K, 20% used [0x00000000a0000000,0x00000000a1d270c8,0x00000000a8e00000)
 Metaspace       used 60688K, capacity 63594K, committed 63872K, reserved 1103872K
  class space    used 8429K, capacity 9018K, committed 9088K, reserved 1048576K
}
Event: 30.870 GC heap before
{Heap before GC invocations=20 (full 3):
 PSYoungGen      total 128512K, used 127881K [0x00000000e0000000, 0x00000000e8f80000, 0x0000000100000000)
  eden space 118272K, 100% used [0x00000000e0000000,0x00000000e7380000,0x00000000e7380000)
  from space 10240K, 93% used [0x00000000e8580000,0x00000000e8ee2608,0x00000000e8f80000)
  to   space 14336K, 0% used [0x00000000e7380000,0x00000000e7380000,0x00000000e8180000)
 ParOldGen       total 145408K, used 29852K [0x00000000a0000000, 0x00000000a8e00000, 0x00000000e0000000)
  object space 145408K, 20% used [0x00000000a0000000,0x00000000a1d270c8,0x00000000a8e00000)
 Metaspace       used 63147K, capacity 66170K, committed 66304K, reserved 1105920K
  class space    used 8743K, capacity 9352K, committed 9472K, reserved 1048576K
Event: 30.906 GC heap after
Heap after GC invocations=20 (full 3):
 PSYoungGen      total 132608K, used 14324K [0x00000000e0000000, 0x00000000ea100000, 0x0000000100000000)
  eden space 118272K, 0% used [0x00000000e0000000,0x00000000e0000000,0x00000000e7380000)
  from space 14336K, 99% used [0x00000000e7380000,0x00000000e817d390,0x00000000e8180000)
  to   space 16384K, 0% used [0x00000000e9100000,0x00000000e9100000,0x00000000ea100000)
 ParOldGen       total 145408K, used 30325K [0x00000000a0000000, 0x00000000a8e00000, 0x00000000e0000000)
  object space 145408K, 20% used [0x00000000a0000000,0x00000000a1d9d468,0x00000000a8e00000)
 Metaspace       used 63147K, capacity 66170K, committed 66304K, reserved 1105920K
  class space    used 8743K, capacity 9352K, committed 9472K, reserved 1048576K
}

Deoptimization events (10 events):
Event: 30.511 Thread 0x000000001ac81000 Uncommon trap: reason=unstable_if action=reinterpret pc=0x0000000004163078 method=com.sun.org.apache.xerces.internal.dom.DeferredAttrNSImpl.synchronizeData()V @ 36
Event: 30.512 Thread 0x000000001ac81000 Uncommon trap: reason=class_check action=maybe_recompile pc=0x000000000421e934 method=com.android.ide.common.resources.NodeUtils.processSingleNodeNamespace(Lorg/w3c/dom/Node;Lorg/w3c/dom/Document;)Z @ 100
Event: 30.512 Thread 0x000000001ac81000 Uncommon trap: reason=class_check action=maybe_recompile pc=0x000000000421e934 method=com.android.ide.common.resources.NodeUtils.processSingleNodeNamespace(Lorg/w3c/dom/Node;Lorg/w3c/dom/Document;)Z @ 100
Event: 30.512 Thread 0x000000001ac81000 Uncommon trap: reason=class_check action=maybe_recompile pc=0x000000000421e934 method=com.android.ide.common.resources.NodeUtils.processSingleNodeNamespace(Lorg/w3c/dom/Node;Lorg/w3c/dom/Document;)Z @ 100
Event: 30.513 Thread 0x000000001ac81000 Uncommon trap: reason=class_check action=maybe_recompile pc=0x000000000421e934 method=com.android.ide.common.resources.NodeUtils.processSingleNodeNamespace(Lorg/w3c/dom/Node;Lorg/w3c/dom/Document;)Z @ 100
Event: 30.586 Thread 0x000000001ac81000 Uncommon trap: reason=unstable_if action=reinterpret pc=0x000000000423a1a8 method=com.android.utils.XmlUtils.toXmlAttributeValue(Ljava/lang/String;)Ljava/lang/String; @ 27
Event: 30.699 Thread 0x000000001ac81000 Uncommon trap: reason=unstable_if action=reinterpret pc=0x00000000034bdb94 method=org.apache.commons.io.FilenameUtils.doNormalize(Ljava/lang/String;CZ)Ljava/lang/String; @ 219
Event: 30.700 Thread 0x000000001ac81000 Uncommon trap: reason=unstable_if action=reinterpret pc=0x0000000003573314 method=java.util.TreeMap.put(Ljava/lang/Object;Ljava/lang/Object;)Ljava/lang/Object; @ 163
Event: 30.907 Thread 0x000000001a681000 Uncommon trap: reason=unstable_if action=reinterpret pc=0x0000000003fe8e90 method=com.google.common.collect.MapMakerInternalMap$Segment.drainKeyReferenceQueue(Ljava/lang/ref/ReferenceQueue;)V @ 8
Event: 30.907 Thread 0x000000001ac7f800 Uncommon trap: reason=unstable_if action=reinterpret pc=0x0000000003fd5f5c method=com.google.common.collect.MapMakerInternalMap$Segment.drainKeyReferenceQueue(Ljava/lang/ref/ReferenceQueue;)V @ 8

Classes redefined (0 events):
No events

Internal exceptions (10 events):
Event: 29.719 Thread 0x000000001ac81000 Implicit null exception at 0x00000000038f9fde to 0x00000000038fa161
Event: 29.989 Thread 0x000000001ac81000 Implicit null exception at 0x000000000413a4de to 0x000000000413a945
Event: 30.255 Thread 0x000000001ac81000 Implicit null exception at 0x00000000041805a5 to 0x0000000004180b62
Event: 30.434 Thread 0x000000001ac81000 Implicit null exception at 0x00000000031db375 to 0x00000000031db3f9
Event: 30.492 Thread 0x000000001ac81000 Implicit null exception at 0x000000000421f157 to 0x000000000421f4c1
Event: 30.706 Thread 0x000000001ac81000 Exception <a 'java/lang/NoSuchMethodError': <clinit>> (0x00000000e6d54030) thrown at [D:\src\AOSP-openjdk-cygwin\jdk8u\hotspot\src\share\vm\prims\jni.cpp, line 1614]
Event: 30.708 Thread 0x000000001ac81000 Exception <a 'java/lang/NoSuchMethodError': <clinit>> (0x00000000e6d65158) thrown at [D:\src\AOSP-openjdk-cygwin\jdk8u\hotspot\src\share\vm\prims\jni.cpp, line 1614]
Event: 30.710 Thread 0x000000001ac81000 Exception <a 'java/lang/NoSuchMethodError': <clinit>> (0x00000000e6d80608) thrown at [D:\src\AOSP-openjdk-cygwin\jdk8u\hotspot\src\share\vm\prims\jni.cpp, line 1614]
Event: 30.711 Thread 0x000000001ac81000 Exception <a 'java/lang/NoSuchMethodError': <clinit>> (0x00000000e6d854f0) thrown at [D:\src\AOSP-openjdk-cygwin\jdk8u\hotspot\src\share\vm\prims\jni.cpp, line 1614]
Event: 30.713 Thread 0x000000001ac81000 Exception <a 'java/lang/NoSuchMethodError': <clinit>> (0x00000000e6d966e8) thrown at [D:\src\AOSP-openjdk-cygwin\jdk8u\hotspot\src\share\vm\prims\jni.cpp, line 1614]

Events (10 events):
Event: 31.185 Thread 0x0000000018334800 flushing nmethod 0x000000000396b290
Event: 31.185 Thread 0x0000000018334800 flushing nmethod 0x000000000397d6d0
Event: 31.185 Thread 0x0000000018334800 flushing nmethod 0x000000000398a150
Event: 31.186 Thread 0x0000000018334800 flushing nmethod 0x000000000399f650
Event: 31.259 loading class org/gradle/workers/internal/WorkerDaemonExpiration$SimpleMemoryExpirationSelector
Event: 31.259 loading class org/gradle/workers/internal/WorkerDaemonExpiration$SimpleMemoryExpirationSelector done
Event: 31.263 loading class org/gradle/workers/internal/WorkerDaemonClientsManager$1
Event: 31.263 loading class org/gradle/workers/internal/WorkerDaemonClientsManager$1 done
Event: 31.265 loading class org/gradle/process/internal/health/memory/JvmMemoryStatusSnapshot
Event: 31.265 loading class org/gradle/process/internal/health/memory/JvmMemoryStatusSnapshot done


Dynamic libraries:
0x00007ff6d99e0000 - 0x00007ff6d9a11000 	E:\Android studio\jre\bin\java.exe
0x00007ffb09da0000 - 0x00007ffb09f90000 	C:\WINDOWS\SYSTEM32\ntdll.dll
0x00007ffb08340000 - 0x00007ffb083f2000 	C:\WINDOWS\System32\KERNEL32.DLL
0x00007ffb07aa0000 - 0x00007ffb07d43000 	C:\WINDOWS\System32\KERNELBASE.dll
0x00007ffb08d30000 - 0x00007ffb08dd3000 	C:\WINDOWS\System32\ADVAPI32.dll
0x00007ffb09c00000 - 0x00007ffb09c9e000 	C:\WINDOWS\System32\msvcrt.dll
0x00007ffb08c60000 - 0x00007ffb08cf7000 	C:\WINDOWS\System32\sechost.dll
0x00007ffb08b40000 - 0x00007ffb08c60000 	C:\WINDOWS\System32\RPCRT4.dll
0x00007ffb081a0000 - 0x00007ffb08334000 	C:\WINDOWS\System32\USER32.dll
0x00007ffb075a0000 - 0x00007ffb075c1000 	C:\WINDOWS\System32\win32u.dll
0x00007ffb08410000 - 0x00007ffb08436000 	C:\WINDOWS\System32\GDI32.dll
0x00007ffb07710000 - 0x00007ffb078a4000 	C:\WINDOWS\System32\gdi32full.dll
0x00007ffb07500000 - 0x00007ffb0759e000 	C:\WINDOWS\System32\msvcp_win.dll
0x00007ffb07d50000 - 0x00007ffb07e4a000 	C:\WINDOWS\System32\ucrtbase.dll
0x00007ffaf6700000 - 0x00007ffaf6985000 	C:\WINDOWS\WinSxS\amd64_microsoft.windows.common-controls_6595b64144ccf1df_6.0.18362.778_none_e6c6b761130d4fb8\COMCTL32.dll
0x00007ffb096f0000 - 0x00007ffb09a26000 	C:\WINDOWS\System32\combase.dll
0x00007ffb078b0000 - 0x00007ffb07930000 	C:\WINDOWS\System32\bcryptPrimitives.dll
0x00007ffb08d00000 - 0x00007ffb08d2e000 	C:\WINDOWS\System32\IMM32.DLL
0x000000006f260000 - 0x000000006f332000 	E:\Android studio\jre\jre\bin\msvcr100.dll
0x000000006e2e0000 - 0x000000006eb26000 	E:\Android studio\jre\jre\bin\server\jvm.dll
0x00007ffb08b30000 - 0x00007ffb08b38000 	C:\WINDOWS\System32\PSAPI.DLL
0x00007ffaec720000 - 0x00007ffaec729000 	C:\WINDOWS\SYSTEM32\WSOCK32.dll
0x00007ffb047c0000 - 0x00007ffb047e4000 	C:\WINDOWS\SYSTEM32\WINMM.dll
0x00007ffb08de0000 - 0x00007ffb08e4f000 	C:\WINDOWS\System32\WS2_32.dll
0x00007ffafffb0000 - 0x00007ffafffba000 	C:\WINDOWS\SYSTEM32\VERSION.dll
0x00007ffb045b0000 - 0x00007ffb045dd000 	C:\WINDOWS\SYSTEM32\WINMMBASE.dll
0x00007ffb06d30000 - 0x00007ffb06d7a000 	C:\WINDOWS\System32\cfgmgr32.dll
0x00007ffb029c0000 - 0x00007ffb029cf000 	E:\Android studio\jre\jre\bin\verify.dll
0x00007ffafc6b0000 - 0x00007ffafc6d9000 	E:\Android studio\jre\jre\bin\java.dll
0x00007ffb01a80000 - 0x00007ffb01a96000 	E:\Android studio\jre\jre\bin\zip.dll
0x00007ffb08440000 - 0x00007ffb08b25000 	C:\WINDOWS\System32\SHELL32.dll
0x00007ffb07e50000 - 0x00007ffb07ef9000 	C:\WINDOWS\System32\shcore.dll
0x00007ffb06d80000 - 0x00007ffb07500000 	C:\WINDOWS\System32\windows.storage.dll
0x00007ffb06cc0000 - 0x00007ffb06ce3000 	C:\WINDOWS\System32\profapi.dll
0x00007ffb06c70000 - 0x00007ffb06cba000 	C:\WINDOWS\System32\powrprof.dll
0x00007ffb06c60000 - 0x00007ffb06c70000 	C:\WINDOWS\System32\UMPDC.dll
0x00007ffb090f0000 - 0x00007ffb09142000 	C:\WINDOWS\System32\shlwapi.dll
0x00007ffb06cf0000 - 0x00007ffb06d01000 	C:\WINDOWS\System32\kernel.appcore.dll
0x00007ffb07930000 - 0x00007ffb07947000 	C:\WINDOWS\System32\cryptsp.dll
0x00007ffb00360000 - 0x00007ffb0037a000 	E:\Android studio\jre\jre\bin\net.dll
0x00007ffaf5520000 - 0x00007ffaf56f5000 	C:\WINDOWS\SYSTEM32\urlmon.dll
0x00007ffaf6b10000 - 0x00007ffaf6db6000 	C:\WINDOWS\SYSTEM32\iertutil.dll
0x00007ffb06640000 - 0x00007ffb0664c000 	C:\WINDOWS\SYSTEM32\CRYPTBASE.DLL
0x00007ffb06470000 - 0x00007ffb064d7000 	C:\WINDOWS\system32\mswsock.dll
0x00007ffb00230000 - 0x00007ffb00243000 	E:\Android studio\jre\jre\bin\nio.dll
0x00007ffafb750000 - 0x00007ffafb776000 	C:\Users\Liu26\.gradle\native\30\windows-amd64\native-platform.dll
0x00007ffb029b0000 - 0x00007ffb029bd000 	E:\Android studio\jre\jre\bin\management.dll
0x00007ffb05fe0000 - 0x00007ffb06013000 	C:\WINDOWS\system32\rsaenh.dll
0x00007ffb076e0000 - 0x00007ffb07706000 	C:\WINDOWS\System32\bcrypt.dll
0x00007ffb06b50000 - 0x00007ffb06b75000 	C:\WINDOWS\SYSTEM32\USERENV.dll
0x00007ffb06180000 - 0x00007ffb061ba000 	C:\WINDOWS\SYSTEM32\IPHLPAPI.DLL
0x00007ffb09b00000 - 0x00007ffb09b08000 	C:\WINDOWS\System32\NSI.dll
0x00007ffafe250000 - 0x00007ffafe266000 	C:\WINDOWS\SYSTEM32\dhcpcsvc6.DLL
0x00007ffafe230000 - 0x00007ffafe24c000 	C:\WINDOWS\SYSTEM32\dhcpcsvc.DLL
0x00007ffb061c0000 - 0x00007ffb0628a000 	C:\WINDOWS\SYSTEM32\DNSAPI.dll

VM Arguments:
jvm_args: -Xmx1536m -Dfile.encoding=GBK -Duser.country=CN -Duser.language=zh -Duser.variant 
java_command: org.gradle.launcher.daemon.bootstrap.GradleDaemon 5.6.4
java_class_path (initial): C:\Users\Liu26\.gradle\wrapper\dists\gradle-5.6.4-all\ankdp27end7byghfw1q2sw75f\gradle-5.6.4\lib\gradle-launcher-5.6.4.jar
Launcher Type: SUN_STANDARD

Environment Variables:
PATH=C:\Program Files (x86)\Intel\Intel(R) Management Engine Components\iCLS\;C:\Program Files\Intel\Intel(R) Management Engine Components\iCLS\;C:\Windows\system32;C:\Windows;C:\Windows\System32\Wbem;C:\Windows\System32\WindowsPowerShell\v1.0\;C:\Windows\System32\OpenSSH\;C:\Program Files (x86)\Intel\Intel(R) Management Engine Components\DAL;C:\Program Files\Intel\Intel(R) Management Engine Components\DAL;C:\Program Files (x86)\Intel\Intel(R) Management Engine Components\IPT;C:\Program Files\Intel\Intel(R) Management Engine Components\IPT;C:\Program Files\Intel\WiFi\bin\;C:\Program Files\Common Files\Intel\WirelessCommon\;C:\Program Files (x86)\NVIDIA Corporation\PhysX\Common;C:\WINDOWS\system32;C:\WINDOWS;C:\WINDOWS\System32\Wbem;C:\WINDOWS\System32\WindowsPowerShell\v1.0\;C:\WINDOWS\System32\OpenSSH\;F:\Git\cmd;C:\Users\Liu26\AppData\Local\Microsoft\WindowsApps;
USERNAME=Liu26
OS=Windows_NT
PROCESSOR_IDENTIFIER=Intel64 Family 6 Model 158 Stepping 10, GenuineIntel



---------------  S Y S T E M  ---------------

OS: Windows 10.0 , 64 bit Build 18362 (10.0.18362.778)

CPU:total 12 (initial active 12) (6 cores per cpu, 2 threads per core) family 6 model 158 stepping 10, cmov, cx8, fxsr, mmx, sse, sse2, sse3, ssse3, sse4.1, sse4.2, popcnt, avx, avx2, aes, clmul, erms, 3dnowpref, lzcnt, ht, tsc, tscinvbit, bmi1, bmi2, adx

Memory: 4k page, physical 8177948k(314004k free), swap 21819416k(2376k free)

vm_info: OpenJDK 64-Bit Server VM (25.212-b04) for windows-amd64 JRE (1.8.0_212-release-1586-b04), built by "builder" with MS VC++ 10.0 (VS2010)

time: Tue May 19 22:34:21 2020
timezone: 中国标准时间
elapsed time: 31 seconds (0d 0h 0m 31s)

